SF:lib/data/datasources/movie_local_data_source.dart
DA:15,1
DA:17,1
DA:20,2
DA:23,2
DA:27,1
DA:30,2
DA:33,2
DA:37,1
DA:39,2
DA:41,1
DA:47,1
DA:49,2
DA:50,4
LF:13
LH:13
end_of_record
SF:lib/utils/exception.dart
DA:6,2
LF:1
LH:1
end_of_record
SF:lib/data/models/movie_table.dart
DA:12,4
DA:20,2
DA:21,1
DA:22,1
DA:23,1
DA:24,1
DA:25,2
DA:28,2
DA:29,1
DA:30,1
DA:31,1
DA:32,1
DA:33,2
DA:36,0
DA:37,0
DA:38,0
DA:39,0
DA:40,0
DA:41,0
DA:44,2
DA:45,1
DA:46,1
DA:47,1
DA:48,1
DA:49,1
DA:52,2
DA:54,2
DA:55,2
DA:56,2
DA:57,2
DA:58,2
DA:59,2
LF:32
LH:26
end_of_record
SF:lib/domain/entities/genre.dart
DA:4,1
DA:12,1
DA:13,3
LF:3
LH:3
end_of_record
SF:lib/domain/entities/movie.dart
DA:4,2
DA:21,1
DA:44,2
DA:45,2
DA:46,2
DA:47,2
DA:48,2
DA:49,2
DA:50,2
DA:51,2
DA:52,2
DA:53,2
DA:54,2
DA:55,2
DA:56,2
DA:57,2
DA:58,2
DA:59,2
LF:18
LH:18
end_of_record
SF:lib/domain/entities/movie_detail.dart
DA:6,6
DA:36,1
DA:37,1
DA:38,1
DA:39,1
DA:40,1
DA:41,1
DA:42,1
DA:43,1
DA:44,1
DA:45,1
DA:46,1
DA:47,1
DA:48,1
DA:49,1
LF:15
LH:15
end_of_record
SF:lib/domain/entities/season.dart
DA:4,1
DA:20,1
DA:21,1
DA:22,1
DA:23,1
DA:24,1
DA:25,1
DA:26,1
DA:27,1
LF:9
LH:9
end_of_record
SF:lib/data/datasources/db/database_helper.dart
DA:8,0
DA:12,0
DA:16,0
DA:17,0
DA:23,0
DA:24,0
DA:25,0
DA:27,0
DA:31,0
DA:32,0
DA:40,0
DA:43,0
DA:44,0
DA:45,0
DA:48,0
DA:49,0
DA:50,0
DA:53,0
DA:57,0
DA:58,0
DA:59,0
DA:62,0
DA:65,0
DA:66,0
DA:72,0
DA:73,0
DA:74,0
LF:27
LH:0
end_of_record
SF:lib/data/datasources/movie_remote_data_source.dart
DA:26,1
DA:28,1
DA:32,1
DA:33,4
DA:36,2
DA:37,4
DA:39,1
DA:42,1
DA:46,1
DA:48,1
DA:49,4
DA:51,2
DA:52,3
DA:54,1
DA:58,1
DA:60,3
DA:61,2
DA:63,2
DA:64,4
DA:66,1
DA:70,1
DA:72,1
DA:73,4
DA:75,2
DA:76,4
DA:78,1
DA:82,1
DA:84,1
DA:85,4
DA:87,2
DA:88,4
DA:90,1
DA:94,1
DA:96,3
DA:97,2
DA:99,2
DA:100,4
DA:102,1
DA:106,1
DA:111,0
DA:112,0
DA:113,0
DA:114,0
LF:43
LH:39
end_of_record
SF:lib/data/models/movie_detail_model.dart
DA:7,2
DA:55,1
DA:56,1
DA:57,1
DA:58,1
DA:59,1
DA:60,1
DA:61,4
DA:62,1
DA:63,1
DA:64,1
DA:65,1
DA:66,2
DA:67,1
DA:68,2
DA:69,1
DA:70,2
DA:71,1
DA:72,1
DA:73,1
DA:74,1
DA:75,2
DA:76,1
DA:77,2
DA:78,1
DA:79,1
DA:80,1
DA:81,1
DA:82,4
DA:86,1
DA:87,1
DA:88,1
DA:89,1
DA:90,5
DA:91,1
DA:92,1
DA:93,1
DA:94,1
DA:95,1
DA:96,1
DA:97,1
DA:98,1
DA:99,1
DA:100,5
DA:104,1
DA:106,1
DA:107,1
DA:108,1
DA:109,1
DA:110,1
DA:111,1
DA:112,1
DA:113,1
DA:114,1
DA:115,1
DA:116,1
DA:117,1
DA:118,1
DA:119,1
DA:120,1
DA:121,1
DA:122,1
DA:123,1
DA:124,1
DA:125,1
DA:126,1
DA:127,1
DA:128,1
LF:68
LH:68
end_of_record
SF:lib/data/models/movie_model.dart
DA:5,5
DA:37,4
DA:38,2
DA:39,2
DA:40,8
DA:41,2
DA:42,3
DA:43,2
DA:44,4
DA:45,2
DA:46,3
DA:47,3
DA:48,2
DA:49,4
DA:50,2
DA:51,2
DA:54,2
DA:55,1
DA:56,1
DA:57,4
DA:58,1
DA:59,1
DA:60,1
DA:61,1
DA:62,1
DA:63,1
DA:64,1
DA:65,1
DA:66,1
DA:67,1
DA:70,2
DA:71,2
DA:72,2
DA:73,2
DA:74,2
DA:75,2
DA:76,2
DA:77,2
DA:78,2
DA:79,2
DA:80,2
DA:81,2
DA:82,2
DA:83,2
DA:84,2
DA:85,2
DA:89,2
DA:90,2
DA:91,2
DA:92,2
DA:93,2
DA:94,2
DA:95,2
DA:96,2
DA:97,2
DA:98,2
DA:99,2
DA:100,2
DA:101,2
DA:102,2
DA:103,2
DA:104,2
LF:62
LH:62
end_of_record
SF:lib/utils/failure.dart
DA:6,1
DA:8,1
DA:9,2
DA:13,2
DA:17,2
DA:21,0
DA:25,2
LF:7
LH:6
end_of_record
SF:lib/data/models/movie_response.dart
DA:7,3
DA:9,4
DA:10,4
DA:11,6
DA:12,6
DA:15,2
DA:16,5
DA:19,1
DA:20,2
LF:9
LH:9
end_of_record
SF:lib/data/models/genre_model.dart
DA:5,2
DA:13,2
DA:14,1
DA:15,1
DA:18,1
DA:19,3
DA:22,1
DA:23,3
LF:8
LH:8
end_of_record
SF:lib/data/models/season_model.dart
DA:5,2
DA:21,2
DA:22,1
DA:23,1
DA:24,1
DA:25,1
DA:26,1
DA:27,1
DA:30,1
DA:31,1
DA:32,1
DA:33,1
DA:34,1
DA:35,1
DA:36,1
DA:37,1
DA:41,1
DA:42,1
DA:43,1
DA:44,1
DA:45,1
DA:46,1
DA:47,1
DA:48,1
LF:24
LH:24
end_of_record
SF:lib/data/repositories/movie_repository_impl.dart
DA:17,1
DA:22,1
DA:25,2
DA:26,5
DA:27,1
DA:28,2
DA:29,1
DA:30,2
DA:31,0
DA:32,0
DA:36,1
DA:40,2
DA:41,2
DA:42,1
DA:43,2
DA:44,1
DA:45,2
DA:46,0
DA:47,0
DA:51,1
DA:56,2
DA:57,3
DA:58,1
DA:59,2
DA:60,1
DA:61,2
DA:62,0
DA:63,0
DA:67,1
DA:70,2
DA:71,5
DA:72,1
DA:73,2
DA:74,1
DA:75,2
DA:76,0
DA:77,0
DA:81,1
DA:84,2
DA:85,5
DA:86,1
DA:87,2
DA:88,1
DA:89,2
DA:90,0
DA:91,0
DA:95,1
DA:99,2
DA:100,5
DA:101,1
DA:102,2
DA:103,1
DA:104,2
DA:105,0
DA:106,0
DA:110,1
DA:114,3
DA:115,1
DA:116,1
DA:117,3
DA:123,1
DA:127,3
DA:128,1
DA:129,1
DA:130,3
DA:134,1
DA:136,2
DA:140,1
DA:142,2
DA:143,5
LF:70
LH:58
end_of_record
