SF:lib/domain/usecases/get_top_rated_movies.dart
DA:9,1
DA:11,1
DA:12,2
LF:3
LH:3
end_of_record
SF:lib/domain/usecases/save_watchlist.dart
DA:9,1
DA:11,1
DA:12,2
LF:3
LH:3
end_of_record
SF:lib/domain/usecases/get_movie_detail.dart
DA:9,1
DA:11,1
DA:12,2
LF:3
LH:3
end_of_record
SF:lib/domain/usecases/remove_watchlist.dart
DA:9,1
DA:11,1
DA:12,2
LF:3
LH:3
end_of_record
SF:lib/domain/usecases/get_watchlist_status.dart
DA:6,1
DA:8,1
DA:9,2
LF:3
LH:3
end_of_record
SF:lib/domain/usecases/get_movie_recommendations.dart
DA:9,1
DA:11,1
DA:12,2
LF:3
LH:3
end_of_record
SF:lib/presentation/bloc/movie_detail/movie_detail_event.dart
DA:4,0
DA:5,0
DA:12,2
DA:14,0
DA:15,0
DA:21,2
DA:23,0
DA:24,0
DA:30,1
DA:32,0
DA:33,0
DA:39,1
DA:41,0
DA:42,0
LF:14
LH:4
end_of_record
SF:lib/presentation/bloc/movie_detail/movie_detail_state.dart
DA:4,6
DA:20,1
DA:28,1
DA:29,1
DA:30,1
DA:31,1
DA:32,1
DA:33,1
DA:34,1
DA:38,1
DA:39,1
DA:40,1
DA:41,1
DA:42,1
DA:43,1
DA:44,1
DA:45,1
LF:17
LH:17
end_of_record
SF:lib/presentation/bloc/movie_detail/movie_detail_bloc.dart
DA:25,1
DA:31,1
DA:32,1
DA:33,1
DA:34,1
DA:38,1
DA:39,1
DA:40,1
DA:44,1
DA:45,1
DA:46,1
DA:50,1
DA:51,1
DA:52,1
DA:57,1
DA:61,3
DA:62,4
DA:64,4
DA:66,1
DA:67,1
DA:68,1
DA:69,2
DA:71,1
DA:75,1
DA:76,1
DA:77,0
DA:78,0
DA:79,0
DA:83,0
DA:87,1
DA:88,1
DA:89,2
DA:102,1
DA:106,3
DA:107,1
DA:108,2
DA:112,1
DA:116,3
DA:118,1
DA:119,1
DA:120,1
DA:121,2
DA:122,1
DA:127,1
DA:128,1
DA:129,2
DA:138,1
DA:142,3
DA:144,1
DA:145,0
DA:146,0
DA:147,0
DA:148,0
DA:153,1
DA:154,1
DA:155,2
LF:56
LH:48
end_of_record
SF:lib/presentation/pages/movie_detail_page.dart
DA:17,1
DA:19,1
DA:20,1
DA:24,1
DA:26,1
DA:27,4
DA:28,6
DA:29,4
DA:32,1
DA:34,1
DA:35,1
DA:36,0
DA:37,0
DA:38,0
DA:39,0
DA:41,0
DA:42,0
DA:44,0
DA:46,0
DA:47,0
DA:48,0
DA:54,1
DA:55,2
DA:59,2
DA:60,1
DA:61,1
DA:62,1
DA:64,1
DA:65,1
DA:66,2
DA:70,0
DA:84,1
DA:91,1
DA:93,3
DA:94,1
DA:95,1
DA:96,1
DA:97,3
DA:99,1
DA:102,0
DA:104,1
DA:106,1
DA:107,1
DA:108,1
DA:118,1
DA:119,1
DA:120,1
DA:122,1
DA:124,1
DA:126,1
DA:127,1
DA:128,2
DA:129,1
DA:131,1
DA:132,0
DA:133,0
DA:135,0
DA:136,0
DA:139,0
DA:140,0
DA:143,1
DA:145,1
DA:146,1
DA:153,1
DA:154,3
DA:156,1
DA:157,3
DA:159,1
DA:160,1
DA:161,1
DA:162,3
DA:164,1
DA:170,4
DA:174,1
DA:176,1
DA:178,1
DA:179,2
DA:182,1
DA:183,0
DA:185,0
DA:187,0
DA:189,1
DA:190,1
DA:192,1
DA:194,1
DA:195,1
DA:196,2
DA:201,2
DA:203,0
DA:204,2
DA:206,1
DA:208,1
DA:210,0
DA:211,0
DA:212,0
DA:214,0
DA:215,0
DA:216,0
DA:219,0
DA:220,0
DA:221,0
DA:225,0
DA:230,0
DA:232,0
DA:233,0
DA:239,0
DA:246,2
DA:250,0
DA:258,1
DA:260,1
DA:275,1
DA:277,1
DA:280,1
DA:282,0
DA:283,0
DA:292,0
DA:293,0
DA:297,0
DA:300,0
DA:301,0
DA:302,0
DA:304,0
DA:305,0
DA:307,0
DA:309,0
DA:313,0
DA:315,0
DA:316,0
DA:319,0
DA:327,0
DA:329,0
DA:331,0
DA:332,0
DA:333,0
DA:334,0
DA:335,0
DA:336,0
DA:346,0
DA:350,1
DA:352,1
DA:353,0
DA:356,1
DA:360,0
DA:363,1
DA:364,1
DA:365,1
DA:367,1
DA:368,0
DA:370,1
LF:149
LH:84
end_of_record
SF:lib/domain/usecases/get_now_playing_movies.dart
DA:9,1
DA:11,1
DA:12,2
LF:3
LH:3
end_of_record
SF:lib/domain/usecases/get_popular_movies.dart
DA:9,1
DA:11,1
DA:12,2
LF:3
LH:3
end_of_record
SF:lib/presentation/bloc/top_rated_movies/top_rated_movie_state.dart
DA:4,5
DA:14,1
DA:19,1
DA:20,0
DA:21,1
DA:22,1
DA:26,1
DA:27,4
LF:8
LH:7
end_of_record
SF:lib/presentation/bloc/top_rated_movies/top_rated_movie_event.dart
DA:4,0
DA:5,0
DA:11,2
DA:13,0
DA:14,0
LF:5
LH:1
end_of_record
SF:lib/presentation/bloc/top_rated_movies/top_rated_movie_bloc.dart
DA:13,1
DA:14,1
DA:15,1
DA:16,1
DA:17,1
DA:22,1
DA:26,3
DA:27,3
DA:29,1
DA:30,1
DA:31,1
DA:32,2
DA:34,1
DA:38,1
DA:39,1
DA:40,2
LF:16
LH:16
end_of_record
SF:lib/presentation/pages/top_rated_movies_page.dart
DA:10,1
DA:12,1
DA:13,1
DA:17,1
DA:19,1
DA:20,1
DA:21,2
DA:22,1
DA:23,4
DA:27,1
DA:29,1
DA:30,1
DA:31,3
DA:33,1
DA:35,1
DA:36,1
DA:37,2
DA:41,2
DA:42,1
DA:43,0
DA:44,0
DA:45,0
DA:47,2
DA:50,1
DA:52,2
LF:25
LH:22
end_of_record
SF:lib/presentation/bloc/now_playing_movies/now_playing_movie_event.dart
DA:4,0
DA:5,0
DA:11,2
DA:13,0
DA:14,0
LF:5
LH:1
end_of_record
SF:lib/presentation/bloc/now_playing_movies/now_playing_movie_state.dart
DA:4,5
DA:14,1
DA:19,1
DA:20,0
DA:21,1
DA:22,1
DA:26,1
DA:27,4
LF:8
LH:7
end_of_record
SF:lib/presentation/bloc/now_playing_movies/now_playing_movie_bloc.dart
DA:14,1
DA:15,1
DA:16,1
DA:17,1
DA:18,1
DA:23,1
DA:27,3
DA:28,3
DA:30,1
DA:31,1
DA:32,1
DA:33,2
DA:35,1
DA:39,1
DA:40,1
DA:41,2
LF:16
LH:16
end_of_record
SF:lib/presentation/pages/now_playing_movies_page.dart
DA:10,1
DA:11,0
DA:13,1
DA:14,1
DA:18,1
DA:20,1
DA:21,1
DA:22,2
DA:23,1
DA:24,4
DA:28,1
DA:30,1
DA:31,1
DA:32,3
DA:34,1
DA:36,1
DA:37,1
DA:38,2
DA:42,2
DA:43,1
DA:44,0
DA:45,0
DA:46,0
DA:48,2
DA:51,1
DA:53,2
LF:26
LH:22
end_of_record
SF:lib/presentation/bloc/popular_movies/popular_movie_state.dart
DA:4,5
DA:14,1
DA:19,1
DA:20,0
DA:21,1
DA:22,1
DA:26,1
DA:27,4
LF:8
LH:7
end_of_record
SF:lib/presentation/bloc/popular_movies/popular_movie_event.dart
DA:4,0
DA:5,0
DA:11,2
DA:13,0
DA:14,0
LF:5
LH:1
end_of_record
SF:lib/presentation/bloc/popular_movies/popular_movie_bloc.dart
DA:13,2
DA:14,1
DA:15,1
DA:16,1
DA:21,1
DA:25,3
DA:26,3
DA:28,1
DA:29,1
DA:30,1
DA:31,2
DA:33,1
DA:37,1
DA:38,1
DA:39,2
LF:15
LH:15
end_of_record
SF:lib/presentation/pages/popular_movies_page.dart
DA:10,1
DA:12,1
DA:13,1
DA:17,1
DA:19,1
DA:20,1
DA:21,2
DA:22,1
DA:23,4
DA:27,1
DA:29,1
DA:30,1
DA:31,3
DA:33,1
DA:35,1
DA:36,1
DA:37,2
DA:41,2
DA:42,1
DA:43,0
DA:44,0
DA:45,0
DA:47,2
DA:50,1
DA:52,2
LF:25
LH:22
end_of_record
SF:lib/presentation/bloc/movie_list/movie_list_event.dart
DA:4,0
DA:5,0
DA:11,1
DA:13,0
DA:14,0
DA:20,1
DA:22,0
DA:23,0
DA:29,1
DA:31,0
DA:32,0
LF:11
LH:3
end_of_record
SF:lib/presentation/bloc/movie_list/movie_list_bloc.dart
DA:17,1
DA:21,1
DA:22,1
DA:23,1
DA:24,1
DA:28,1
DA:29,1
DA:30,1
DA:34,1
DA:35,1
DA:36,1
DA:41,1
DA:45,3
DA:48,3
DA:49,1
DA:50,1
DA:51,1
DA:52,2
DA:53,1
DA:55,1
DA:60,1
DA:61,1
DA:62,2
DA:63,1
DA:73,1
DA:77,3
DA:80,3
DA:81,1
DA:82,1
DA:83,1
DA:84,2
DA:85,1
DA:87,1
DA:92,1
DA:93,1
DA:94,2
DA:95,1
DA:105,1
DA:109,3
DA:112,3
DA:114,1
DA:115,1
DA:116,1
DA:117,2
DA:118,1
DA:120,1
DA:125,1
DA:126,1
DA:127,2
DA:128,1
LF:50
LH:50
end_of_record
SF:lib/presentation/bloc/movie_list/movie_list_state.dart
DA:4,4
DA:14,0
DA:19,0
DA:20,0
DA:21,0
DA:22,0
DA:26,1
DA:27,4
DA:31,3
DA:41,1
DA:46,1
DA:47,1
DA:48,1
DA:49,1
DA:53,1
DA:54,1
DA:55,1
DA:56,1
DA:57,1
LF:19
LH:14
end_of_record
