SF:lib/domain/usecases/search_movies.dart
DA:9,1
DA:11,1
DA:12,2
LF:3
LH:3
end_of_record
SF:lib/presentation/bloc/search/search_bloc.dart
DA:14,2
DA:15,1
DA:16,0
DA:19,2
DA:20,3
DA:21,4
DA:23,1
DA:24,1
DA:25,1
DA:26,2
DA:28,1
DA:32,1
DA:33,1
DA:34,2
DA:41,1
DA:45,1
DA:46,3
LF:17
LH:16
end_of_record
SF:lib/presentation/bloc/search/search_event.dart
DA:4,1
DA:6,0
DA:7,0
DA:16,1
DA:18,0
DA:19,0
LF:6
LH:2
end_of_record
SF:lib/presentation/bloc/search/search_state.dart
DA:4,3
DA:14,1
DA:19,1
DA:20,0
DA:21,1
DA:22,1
DA:26,1
DA:27,4
LF:8
LH:7
end_of_record
