SF:lib/domain/usecases/get_watchlist_movies.dart
DA:9,1
DA:11,1
DA:12,2
LF:3
LH:3
end_of_record
SF:lib/presentation/bloc/watchlist_movie/watchlist_movie_bloc.dart
DA:14,1
DA:15,1
DA:16,1
DA:17,1
DA:18,1
DA:23,1
DA:27,3
DA:28,2
DA:30,1
DA:31,1
DA:32,1
DA:33,2
DA:35,1
DA:39,1
DA:40,1
DA:41,2
LF:16
LH:16
end_of_record
SF:lib/presentation/bloc/watchlist_movie/watchlist_movie_event.dart
DA:4,0
DA:5,0
LF:2
LH:0
end_of_record
SF:lib/presentation/bloc/watchlist_movie/watchlist_movie_state.dart
DA:4,3
DA:14,1
DA:19,1
DA:20,0
DA:21,1
DA:22,1
DA:26,1
DA:27,4
LF:8
LH:7
end_of_record
