SF:lib/common/exception.dart
DA:6,2
LF:1
LH:1
end_of_record
SF:lib/data/datasources/movie_local_data_source.dart
DA:15,1
DA:17,1
DA:20,2
DA:23,2
DA:27,1
DA:30,2
DA:33,2
DA:37,1
DA:39,2
DA:41,1
DA:47,1
DA:49,2
DA:50,4
LF:13
LH:13
end_of_record
SF:lib/data/models/movie_table.dart
DA:12,2
DA:20,2
DA:21,1
DA:22,1
DA:23,1
DA:24,1
DA:25,3
DA:28,2
DA:29,1
DA:30,1
DA:31,1
DA:32,1
DA:33,2
DA:36,0
DA:37,0
DA:38,0
DA:39,0
DA:40,0
DA:41,0
DA:44,2
DA:45,1
DA:46,1
DA:47,1
DA:48,1
DA:49,1
DA:52,2
DA:54,2
DA:55,2
DA:56,2
DA:57,2
DA:58,2
DA:59,2
LF:32
LH:26
end_of_record
SF:lib/domain/entities/genre.dart
DA:4,5
DA:12,2
DA:13,6
LF:3
LH:3
end_of_record
SF:lib/domain/entities/movie.dart
DA:4,10
DA:21,1
DA:44,9
DA:45,9
DA:46,9
DA:47,9
DA:48,9
DA:49,9
DA:50,9
DA:51,9
DA:52,9
DA:53,9
DA:54,9
DA:55,9
DA:56,9
DA:57,9
DA:58,9
DA:59,9
LF:18
LH:18
end_of_record
SF:lib/domain/entities/movie_detail.dart
DA:6,31
DA:36,2
DA:37,2
DA:38,2
DA:39,2
DA:40,2
DA:41,2
DA:42,2
DA:43,2
DA:44,2
DA:45,2
DA:46,2
DA:47,2
DA:48,2
DA:49,2
LF:15
LH:15
end_of_record
SF:lib/domain/entities/season.dart
DA:4,2
DA:20,1
DA:21,1
DA:22,1
DA:23,1
DA:24,1
DA:25,1
DA:26,1
DA:27,1
LF:9
LH:9
end_of_record
SF:lib/common/failure.dart
DA:6,8
DA:8,1
DA:9,2
DA:13,14
DA:17,2
DA:21,6
LF:6
LH:6
end_of_record
SF:lib/data/datasources/db/database_helper.dart
DA:8,0
DA:12,0
DA:16,0
DA:18,0
DA:25,0
DA:26,0
DA:27,0
DA:29,0
DA:33,0
DA:34,0
DA:42,0
DA:45,0
DA:46,0
DA:47,0
DA:50,0
DA:51,0
DA:52,0
DA:55,0
DA:59,0
DA:60,0
DA:61,0
DA:64,0
DA:67,0
DA:68,0
DA:74,0
DA:75,0
DA:76,0
LF:27
LH:0
end_of_record
SF:lib/data/datasources/movie_remote_data_source.dart
DA:24,1
DA:26,1
DA:29,1
DA:30,4
DA:33,2
DA:34,4
DA:36,1
DA:39,1
DA:43,1
DA:45,1
DA:46,4
DA:48,2
DA:49,3
DA:51,1
DA:55,1
DA:57,3
DA:58,2
DA:60,2
DA:61,4
DA:63,1
DA:67,1
DA:69,1
DA:70,4
DA:72,2
DA:73,4
DA:75,1
DA:79,1
DA:83,1
DA:84,4
DA:86,2
DA:87,4
DA:89,1
DA:93,1
DA:95,3
DA:96,2
DA:98,2
DA:99,4
DA:101,1
DA:105,1
LF:39
LH:39
end_of_record
SF:lib/data/models/movie_detail_model.dart
DA:7,2
DA:55,1
DA:56,1
DA:57,1
DA:58,1
DA:59,1
DA:60,1
DA:61,4
DA:62,1
DA:63,1
DA:64,1
DA:65,1
DA:66,2
DA:67,1
DA:68,2
DA:69,1
DA:70,2
DA:71,1
DA:72,1
DA:73,1
DA:74,1
DA:75,2
DA:76,1
DA:77,2
DA:78,1
DA:79,1
DA:80,1
DA:81,1
DA:82,4
DA:86,1
DA:87,1
DA:88,1
DA:89,1
DA:90,5
DA:91,1
DA:92,1
DA:93,1
DA:94,1
DA:95,1
DA:96,1
DA:97,1
DA:98,1
DA:99,1
DA:100,5
DA:104,1
DA:106,1
DA:107,1
DA:108,1
DA:109,1
DA:110,1
DA:111,1
DA:112,1
DA:113,1
DA:114,1
DA:115,1
DA:116,1
DA:117,1
DA:118,1
DA:119,1
DA:120,1
DA:121,1
DA:122,1
DA:123,1
DA:124,1
DA:125,1
DA:126,1
DA:127,1
DA:128,1
LF:68
LH:68
end_of_record
SF:lib/data/models/movie_model.dart
DA:5,4
DA:37,4
DA:38,2
DA:39,2
DA:40,8
DA:41,2
DA:42,3
DA:43,2
DA:44,4
DA:45,2
DA:46,3
DA:47,3
DA:48,2
DA:49,4
DA:50,2
DA:51,2
DA:54,2
DA:55,1
DA:56,1
DA:57,4
DA:58,1
DA:59,1
DA:60,1
DA:61,1
DA:62,1
DA:63,1
DA:64,1
DA:65,1
DA:66,1
DA:67,1
DA:70,2
DA:71,2
DA:72,2
DA:73,2
DA:74,2
DA:75,2
DA:76,2
DA:77,2
DA:78,2
DA:79,2
DA:80,2
DA:81,2
DA:82,2
DA:83,2
DA:84,2
DA:85,2
DA:89,2
DA:90,2
DA:91,2
DA:92,2
DA:93,2
DA:94,2
DA:95,2
DA:96,2
DA:97,2
DA:98,2
DA:99,2
DA:100,2
DA:101,2
DA:102,2
DA:103,2
DA:104,2
LF:62
LH:62
end_of_record
SF:lib/data/models/movie_response.dart
DA:7,2
DA:9,4
DA:10,4
DA:11,6
DA:12,6
DA:15,2
DA:16,5
DA:19,1
DA:20,2
LF:9
LH:9
end_of_record
SF:lib/data/models/genre_model.dart
DA:5,2
DA:13,2
DA:14,1
DA:15,1
DA:18,1
DA:19,3
DA:22,1
DA:23,3
LF:8
LH:8
end_of_record
SF:lib/data/models/season_model.dart
DA:5,2
DA:21,2
DA:22,1
DA:23,1
DA:24,1
DA:25,1
DA:26,1
DA:27,1
DA:30,1
DA:31,1
DA:32,1
DA:33,1
DA:34,1
DA:35,1
DA:36,1
DA:37,1
DA:41,1
DA:42,1
DA:43,1
DA:44,1
DA:45,1
DA:46,1
DA:47,1
DA:48,1
LF:24
LH:24
end_of_record
SF:lib/domain/usecases/get_popular_movies.dart
DA:9,1
DA:11,1
DA:12,2
LF:3
LH:3
end_of_record
SF:lib/presentation/bloc/popular_movies/popular_movie_state.dart
DA:4,3
DA:14,1
DA:19,1
DA:20,0
DA:21,1
DA:22,1
DA:26,1
DA:27,4
LF:8
LH:7
end_of_record
SF:lib/presentation/bloc/popular_movies/popular_movie_event.dart
DA:4,0
DA:5,0
DA:11,2
DA:13,0
DA:14,0
LF:5
LH:1
end_of_record
SF:lib/presentation/bloc/popular_movies/popular_movie_bloc.dart
DA:14,3
DA:15,1
DA:16,1
DA:17,1
DA:22,1
DA:26,3
DA:27,3
DA:29,1
DA:30,1
DA:31,1
DA:32,2
DA:34,1
DA:38,1
DA:39,1
DA:40,2
LF:15
LH:15
end_of_record
SF:lib/data/repositories/movie_repository_impl.dart
DA:17,1
DA:22,1
DA:25,2
DA:26,5
DA:27,1
DA:28,2
DA:29,1
DA:30,2
DA:34,1
DA:38,2
DA:39,2
DA:40,1
DA:41,2
DA:42,1
DA:43,2
DA:47,1
DA:52,2
DA:53,3
DA:54,1
DA:55,2
DA:56,1
DA:57,2
DA:61,1
DA:64,2
DA:65,5
DA:66,1
DA:67,2
DA:68,1
DA:69,2
DA:73,1
DA:76,2
DA:77,5
DA:78,1
DA:79,2
DA:80,1
DA:81,2
DA:85,1
DA:89,2
DA:90,5
DA:91,1
DA:92,2
DA:93,1
DA:94,2
DA:98,1
DA:102,3
DA:103,1
DA:104,1
DA:105,3
DA:111,1
DA:115,3
DA:116,1
DA:117,1
DA:118,3
DA:122,1
DA:124,2
DA:128,1
DA:130,2
DA:131,5
LF:58
LH:58
end_of_record
SF:lib/domain/usecases/get_top_rated_movies.dart
DA:9,1
DA:11,1
DA:12,2
LF:3
LH:3
end_of_record
SF:lib/domain/usecases/save_watchlist.dart
DA:9,1
DA:11,1
DA:12,2
LF:3
LH:3
end_of_record
SF:lib/common/constants.dart
DA:15,2
DA:16,1
DA:17,3
DA:19,0
DA:21,0
DA:25,0
DA:26,0
DA:27,0
DA:28,0
DA:29,0
LF:10
LH:3
end_of_record
SF:lib/domain/usecases/get_movie_detail.dart
DA:9,1
DA:11,1
DA:12,2
LF:3
LH:3
end_of_record
SF:lib/domain/usecases/get_movie_recommendations.dart
DA:9,1
DA:11,1
DA:12,2
LF:3
LH:3
end_of_record
SF:lib/domain/usecases/get_watchlist_status.dart
DA:6,1
DA:8,1
DA:9,2
LF:3
LH:3
end_of_record
SF:lib/domain/usecases/remove_watchlist.dart
DA:9,1
DA:11,1
DA:12,2
LF:3
LH:3
end_of_record
SF:lib/presentation/bloc/movie_detail/movie_detail_event.dart
DA:4,0
DA:5,0
DA:12,2
DA:14,0
DA:15,0
DA:21,2
DA:23,0
DA:24,0
DA:30,1
DA:32,0
DA:33,0
DA:39,1
DA:41,0
DA:42,0
LF:14
LH:4
end_of_record
SF:lib/presentation/bloc/movie_detail/movie_detail_state.dart
DA:4,2
DA:20,1
DA:28,1
DA:29,1
DA:30,1
DA:31,1
DA:32,1
DA:33,1
DA:34,1
DA:38,1
DA:39,1
DA:40,1
DA:41,1
DA:42,1
DA:43,1
DA:44,1
DA:45,1
LF:17
LH:17
end_of_record
SF:lib/presentation/bloc/movie_detail/movie_detail_bloc.dart
DA:26,1
DA:32,2
DA:33,1
DA:34,1
DA:35,1
DA:39,1
DA:40,1
DA:41,1
DA:45,1
DA:46,1
DA:47,1
DA:51,1
DA:52,1
DA:53,1
DA:58,1
DA:62,3
DA:63,4
DA:65,4
DA:67,1
DA:68,1
DA:69,1
DA:70,2
DA:72,1
DA:76,1
DA:77,1
DA:78,0
DA:79,0
DA:80,0
DA:84,0
DA:88,1
DA:89,1
DA:90,2
DA:103,1
DA:107,3
DA:108,1
DA:109,2
DA:113,1
DA:117,3
DA:119,1
DA:120,1
DA:121,1
DA:122,2
DA:123,1
DA:128,1
DA:129,1
DA:130,2
DA:139,1
DA:143,3
DA:145,1
DA:146,0
DA:147,0
DA:148,0
DA:149,0
DA:154,1
DA:155,1
DA:156,2
LF:56
LH:48
end_of_record
SF:lib/presentation/pages/movie_detail_page.dart
DA:17,1
DA:19,1
DA:20,1
DA:24,1
DA:26,1
DA:27,4
DA:28,6
DA:29,4
DA:32,1
DA:34,1
DA:35,1
DA:36,0
DA:37,0
DA:38,0
DA:39,0
DA:41,0
DA:42,0
DA:44,0
DA:46,0
DA:47,0
DA:48,0
DA:54,1
DA:55,2
DA:56,0
DA:57,0
DA:59,2
DA:60,1
DA:61,1
DA:62,1
DA:64,1
DA:65,1
DA:66,2
DA:70,0
DA:84,1
DA:91,1
DA:93,3
DA:94,1
DA:95,1
DA:96,1
DA:97,3
DA:99,2
DA:100,1
DA:102,0
DA:104,1
DA:106,1
DA:107,1
DA:108,1
DA:109,1
DA:111,2
DA:118,1
DA:119,1
DA:120,1
DA:122,1
DA:124,1
DA:126,1
DA:127,1
DA:128,2
DA:129,1
DA:131,1
DA:132,0
DA:133,0
DA:135,0
DA:136,0
DA:139,0
DA:140,0
DA:143,1
DA:145,1
DA:146,1
DA:147,1
DA:148,1
DA:149,1
DA:153,1
DA:154,3
DA:156,1
DA:157,3
DA:159,1
DA:160,1
DA:161,1
DA:162,3
DA:164,2
DA:170,4
DA:173,1
DA:174,1
DA:176,1
DA:178,1
DA:179,2
DA:181,1
DA:182,1
DA:183,0
DA:185,0
DA:187,0
DA:189,1
DA:190,1
DA:192,1
DA:194,1
DA:195,1
DA:196,2
DA:198,0
DA:199,0
DA:201,2
DA:203,0
DA:204,2
DA:206,1
DA:208,1
DA:210,0
DA:211,0
DA:212,0
DA:214,0
DA:215,0
DA:216,0
DA:219,0
DA:220,0
DA:221,0
DA:225,0
DA:226,0
DA:227,0
DA:229,0
DA:231,0
DA:232,0
DA:233,0
DA:235,0
DA:238,0
DA:239,0
DA:245,2
DA:249,0
DA:257,1
DA:259,1
DA:274,1
DA:276,1
DA:279,1
DA:280,1
DA:281,0
DA:282,0
DA:291,0
DA:292,0
DA:295,0
DA:296,0
DA:299,0
DA:300,0
DA:301,0
DA:303,0
DA:304,0
DA:306,0
DA:307,0
DA:308,0
DA:309,0
DA:310,0
DA:312,0
DA:314,0
DA:315,0
DA:316,0
DA:318,0
DA:322,0
DA:325,0
DA:327,0
DA:329,0
DA:330,0
DA:331,0
DA:332,0
DA:333,0
DA:334,0
DA:344,0
DA:348,1
DA:350,1
DA:351,0
DA:354,1
DA:358,0
DA:361,1
DA:362,1
DA:363,1
DA:365,1
DA:366,0
DA:368,1
LF:173
LH:93
end_of_record
SF:lib/domain/usecases/get_watchlist_movies.dart
DA:9,1
DA:11,1
DA:12,2
LF:3
LH:3
end_of_record
SF:lib/domain/usecases/get_now_playing_movies.dart
DA:9,1
DA:11,1
DA:12,2
LF:3
LH:3
end_of_record
SF:lib/domain/usecases/search_movies.dart
DA:9,1
DA:11,1
DA:12,2
LF:3
LH:3
end_of_record
SF:lib/presentation/bloc/top_rated_movies/top_rated_movie_event.dart
DA:4,0
DA:5,0
DA:11,2
DA:13,0
DA:14,0
LF:5
LH:1
end_of_record
SF:lib/presentation/bloc/top_rated_movies/top_rated_movie_state.dart
DA:4,3
DA:14,1
DA:19,1
DA:20,0
DA:21,1
DA:22,1
DA:26,1
DA:27,4
LF:8
LH:7
end_of_record
SF:lib/presentation/bloc/top_rated_movies/top_rated_movie_bloc.dart
DA:15,3
DA:16,1
DA:17,1
DA:18,1
DA:23,1
DA:27,3
DA:28,3
DA:30,1
DA:31,1
DA:32,1
DA:33,2
DA:35,1
DA:39,1
DA:40,1
DA:41,2
LF:15
LH:15
end_of_record
SF:lib/presentation/pages/top_rated_movies_page.dart
DA:12,2
DA:14,1
DA:15,1
DA:19,1
DA:21,1
DA:22,1
DA:23,2
DA:24,1
DA:25,4
DA:29,1
DA:31,1
DA:32,1
DA:33,3
DA:35,1
DA:37,1
DA:38,1
DA:39,2
DA:40,1
DA:41,1
DA:43,2
DA:44,1
DA:45,0
DA:46,0
DA:47,0
DA:49,2
DA:52,1
DA:53,1
DA:54,2
LF:28
LH:25
end_of_record
SF:lib/presentation/widgets/movie_card_list.dart
DA:10,0
DA:12,0
DA:14,0
DA:16,0
DA:17,0
DA:18,0
DA:21,0
DA:22,0
DA:23,0
DA:27,0
DA:29,0
DA:30,0
DA:31,0
DA:37,0
DA:39,0
DA:40,0
DA:41,0
DA:44,0
DA:46,0
DA:47,0
DA:48,0
DA:56,0
DA:61,0
DA:62,0
DA:63,0
DA:65,0
DA:66,0
DA:68,0
DA:70,0
LF:29
LH:0
end_of_record
SF:lib/presentation/bloc/now_playing_movies/now_playing_movie_event.dart
DA:4,0
DA:5,0
DA:11,2
DA:13,0
DA:14,0
LF:5
LH:1
end_of_record
SF:lib/presentation/bloc/now_playing_movies/now_playing_movie_state.dart
DA:4,2
DA:14,1
DA:19,1
DA:20,0
DA:21,1
DA:22,1
DA:26,1
DA:27,4
LF:8
LH:7
end_of_record
SF:lib/presentation/bloc/now_playing_movies/now_playing_movie_bloc.dart
DA:15,1
DA:16,2
DA:17,1
DA:18,1
DA:19,1
DA:24,1
DA:28,3
DA:29,3
DA:31,1
DA:32,1
DA:33,1
DA:34,2
DA:36,1
DA:40,1
DA:41,1
DA:42,2
LF:16
LH:16
end_of_record
SF:lib/presentation/pages/now_playing_movies_page.dart
DA:12,1
DA:13,1
DA:15,1
DA:16,1
DA:20,1
DA:22,1
DA:23,1
DA:24,2
DA:25,1
DA:26,4
DA:30,1
DA:32,1
DA:33,1
DA:34,3
DA:36,1
DA:38,1
DA:39,1
DA:40,2
DA:41,1
DA:42,1
DA:44,2
DA:45,1
DA:46,0
DA:47,0
DA:48,0
DA:50,2
DA:53,1
DA:54,1
DA:55,2
LF:29
LH:26
end_of_record
SF:lib/presentation/pages/popular_movies_page.dart
DA:12,2
DA:14,1
DA:15,1
DA:19,1
DA:21,1
DA:22,1
DA:23,2
DA:24,1
DA:25,4
DA:29,1
DA:31,1
DA:32,1
DA:33,3
DA:35,1
DA:37,1
DA:38,1
DA:39,2
DA:40,1
DA:41,1
DA:43,2
DA:44,1
DA:45,0
DA:46,0
DA:47,0
DA:49,2
DA:52,1
DA:53,1
DA:54,2
LF:28
LH:25
end_of_record
SF:lib/presentation/bloc/watchlist_movie/watchlist_movie_bloc.dart
DA:15,3
DA:16,1
DA:17,1
DA:18,1
DA:23,1
DA:27,3
DA:28,2
DA:30,1
DA:31,1
DA:32,1
DA:33,2
DA:35,1
DA:39,1
DA:40,1
DA:41,2
LF:15
LH:15
end_of_record
SF:lib/presentation/bloc/watchlist_movie/watchlist_movie_event.dart
DA:4,0
DA:5,0
LF:2
LH:0
end_of_record
SF:lib/presentation/bloc/watchlist_movie/watchlist_movie_state.dart
DA:4,1
DA:14,1
DA:19,1
DA:20,0
DA:21,1
DA:22,1
DA:26,1
DA:27,4
LF:8
LH:7
end_of_record
SF:lib/presentation/bloc/search/search_bloc.dart
DA:14,2
DA:15,1
DA:16,0
DA:19,2
DA:20,3
DA:21,4
DA:23,1
DA:24,1
DA:25,1
DA:26,2
DA:28,1
DA:32,1
DA:33,1
DA:34,2
DA:41,1
DA:45,1
DA:46,3
LF:17
LH:16
end_of_record
SF:lib/presentation/bloc/search/search_event.dart
DA:4,1
DA:6,0
DA:7,0
DA:16,1
DA:18,0
DA:19,0
LF:6
LH:2
end_of_record
SF:lib/presentation/bloc/search/search_state.dart
DA:4,2
DA:14,1
DA:19,1
DA:20,0
DA:21,1
DA:22,1
DA:26,1
DA:27,4
LF:8
LH:7
end_of_record
SF:lib/presentation/bloc/movie_list/movie_list_event.dart
DA:4,0
DA:5,0
DA:11,1
DA:13,0
DA:14,0
DA:20,1
DA:22,0
DA:23,0
DA:29,1
DA:31,0
DA:32,0
LF:11
LH:3
end_of_record
SF:lib/presentation/bloc/movie_list/movie_list_bloc.dart
DA:18,1
DA:22,2
DA:23,1
DA:24,1
DA:25,1
DA:29,1
DA:30,1
DA:31,1
DA:35,1
DA:36,1
DA:37,1
DA:42,1
DA:46,3
DA:47,1
DA:49,3
DA:50,1
DA:51,1
DA:52,1
DA:53,2
DA:54,1
DA:56,1
DA:61,1
DA:62,1
DA:63,2
DA:64,1
DA:74,1
DA:78,3
DA:79,1
DA:81,3
DA:82,1
DA:83,1
DA:84,1
DA:85,2
DA:86,1
DA:88,1
DA:93,1
DA:94,1
DA:95,2
DA:96,1
DA:106,1
DA:110,3
DA:111,1
DA:113,3
DA:115,1
DA:116,1
DA:117,1
DA:118,2
DA:119,1
DA:121,1
DA:126,1
DA:127,1
DA:128,2
DA:129,1
LF:53
LH:53
end_of_record
SF:lib/presentation/bloc/movie_list/movie_list_state.dart
DA:4,2
DA:14,0
DA:19,0
DA:20,0
DA:21,0
DA:22,0
DA:26,1
DA:27,4
DA:31,1
DA:41,1
DA:46,1
DA:47,1
DA:48,1
DA:49,1
DA:53,1
DA:54,1
DA:55,1
DA:56,1
DA:57,1
LF:19
LH:14
end_of_record
